2025-11-17 01:22:48.149 +07:00 [INF] Request starting HTTP/1.1 POST http://localhost/qoutes/price - application/json; charset=utf-8 31
2025-11-17 01:22:48.188 +07:00 [WRN] Failed to determine the https port for redirect.
2025-11-17 01:22:48.191 +07:00 [INF] Executing endpoint 'MiniPricingApp.Modules.qoutes.QouteController.CalculatePrice (MiniPricingApp)'
2025-11-17 01:22:48.202 +07:00 [INF] Route matched with {action = "CalculatePrice", controller = "Qoute"}. Executing controller action with signature Microsoft.AspNetCore.Mvc.IActionResult CalculatePrice(MiniPricingApp.Modules.Qoutes.Application.Dtos.PricingCalculationRequestDto) on controller MiniPricingApp.Modules.qoutes.QouteController (MiniPricingApp).
2025-11-17 01:22:48.217 +07:00 [INF] RECIEVE CALCULATE PRICE REQUEST ==> MiniPricingApp.Modules.Qoutes.Application.Dtos.PricingCalculationRequestDto
2025-11-17 01:22:48.229 +07:00 [INF] Executing OkObjectResult, writing value of type 'MiniPricingApp.Shares.Common.BaseResponse`1[[MiniPricingApp.Modules.Qoutes.Application.Dtos.PricingCalculationResponseDto, MiniPricingApp, Version=1.0.0.0, Culture=neutral, PublicKeyToken=null]]'.
2025-11-17 01:22:48.235 +07:00 [INF] Executed action MiniPricingApp.Modules.qoutes.QouteController.CalculatePrice (MiniPricingApp) in 30.9551ms
2025-11-17 01:22:48.237 +07:00 [INF] Executed endpoint 'MiniPricingApp.Modules.qoutes.QouteController.CalculatePrice (MiniPricingApp)'
2025-11-17 01:22:48.239 +07:00 [INF] Request finished HTTP/1.1 POST http://localhost/qoutes/price - 200 null application/json; charset=utf-8 93.9094ms
2025-11-17 01:22:48.264 +07:00 [INF] Request starting HTTP/1.1 POST http://localhost/qoutes/bulk - multipart/form-data; boundary="fe624fb6-2df1-4144-a98c-08b4a4ffab2f" 197
2025-11-17 01:22:48.267 +07:00 [INF] Executing endpoint 'MiniPricingApp.Modules.qoutes.QouteController.BulkFile (MiniPricingApp)'
2025-11-17 01:22:48.271 +07:00 [INF] Route matched with {action = "BulkFile", controller = "Qoute"}. Executing controller action with signature System.Threading.Tasks.Task`1[Microsoft.AspNetCore.Mvc.IActionResult] BulkFile(MiniPricingApp.Modules.Qoutes.Application.Dtos.UploadCsvFileRequestDto) on controller MiniPricingApp.Modules.qoutes.QouteController (MiniPricingApp).
2025-11-17 01:22:48.281 +07:00 [INF] RECIEVE BULK REQUEST ==> Microsoft.AspNetCore.Http.FormFile
2025-11-17 01:22:48.301 +07:00 [INF] Executing OkObjectResult, writing value of type 'MiniPricingApp.Shares.Common.BaseResponse`1[[MiniPricingApp.Shares.Common.CreateAndUpdateResponse, MiniPricingApp, Version=1.0.0.0, Culture=neutral, PublicKeyToken=null]]'.
2025-11-17 01:22:48.302 +07:00 [INF] Executed action MiniPricingApp.Modules.qoutes.QouteController.BulkFile (MiniPricingApp) in 31.3116ms
2025-11-17 01:22:48.302 +07:00 [INF] Executed endpoint 'MiniPricingApp.Modules.qoutes.QouteController.BulkFile (MiniPricingApp)'
2025-11-17 01:22:48.303 +07:00 [INF] Request finished HTTP/1.1 POST http://localhost/qoutes/bulk - 200 null application/json; charset=utf-8 39.4532ms
2025-11-17 01:24:55.808 +07:00 [INF] START WORKING WITH JOB ==> 51056b3b-b4a1-4688-80f3-4c39e22da6f9
2025-11-17 01:24:55.867 +07:00 [INF] COMPLETE WORKING WITH JOB ==> 51056b3b-b4a1-4688-80f3-4c39e22da6f9
2025-11-17 01:24:55.874 +07:00 [INF] Request starting HTTP/1.1 POST http://localhost/qoutes/price - application/json; charset=utf-8 31
2025-11-17 01:24:55.894 +07:00 [WRN] Failed to determine the https port for redirect.
2025-11-17 01:24:55.897 +07:00 [INF] Executing endpoint 'MiniPricingApp.Modules.qoutes.QouteController.CalculatePrice (MiniPricingApp)'
2025-11-17 01:24:55.904 +07:00 [INF] Route matched with {action = "CalculatePrice", controller = "Qoute"}. Executing controller action with signature Microsoft.AspNetCore.Mvc.IActionResult CalculatePrice(MiniPricingApp.Modules.Qoutes.Application.Dtos.PricingCalculationRequestDto) on controller MiniPricingApp.Modules.qoutes.QouteController (MiniPricingApp).
2025-11-17 01:24:55.914 +07:00 [INF] RECIEVE CALCULATE PRICE REQUEST ==> MiniPricingApp.Modules.Qoutes.Application.Dtos.PricingCalculationRequestDto
2025-11-17 01:24:55.923 +07:00 [INF] Executing OkObjectResult, writing value of type 'MiniPricingApp.Shares.Common.BaseResponse`1[[MiniPricingApp.Modules.Qoutes.Application.Dtos.PricingCalculationResponseDto, MiniPricingApp, Version=1.0.0.0, Culture=neutral, PublicKeyToken=null]]'.
2025-11-17 01:24:55.929 +07:00 [INF] Executed action MiniPricingApp.Modules.qoutes.QouteController.CalculatePrice (MiniPricingApp) in 23.3117ms
2025-11-17 01:24:55.931 +07:00 [INF] Executed endpoint 'MiniPricingApp.Modules.qoutes.QouteController.CalculatePrice (MiniPricingApp)'
2025-11-17 01:24:55.932 +07:00 [INF] Request finished HTTP/1.1 POST http://localhost/qoutes/price - 200 null application/json; charset=utf-8 60.4036ms
2025-11-17 01:24:55.950 +07:00 [INF] Request starting HTTP/1.1 POST http://localhost/qoutes/bulk - multipart/form-data; boundary="e34a6551-fbe3-4c90-91d2-3d15d039439f" 197
2025-11-17 01:24:55.952 +07:00 [INF] Executing endpoint 'MiniPricingApp.Modules.qoutes.QouteController.BulkFile (MiniPricingApp)'
2025-11-17 01:24:55.955 +07:00 [INF] Route matched with {action = "BulkFile", controller = "Qoute"}. Executing controller action with signature System.Threading.Tasks.Task`1[Microsoft.AspNetCore.Mvc.IActionResult] BulkFile(MiniPricingApp.Modules.Qoutes.Application.Dtos.UploadCsvFileRequestDto) on controller MiniPricingApp.Modules.qoutes.QouteController (MiniPricingApp).
2025-11-17 01:24:55.963 +07:00 [INF] RECIEVE BULK REQUEST ==> Microsoft.AspNetCore.Http.FormFile
2025-11-17 01:24:55.972 +07:00 [INF] Executing OkObjectResult, writing value of type 'MiniPricingApp.Shares.Common.BaseResponse`1[[MiniPricingApp.Shares.Common.CreateAndUpdateResponse, MiniPricingApp, Version=1.0.0.0, Culture=neutral, PublicKeyToken=null]]'.
2025-11-17 01:24:55.973 +07:00 [INF] Executed action MiniPricingApp.Modules.qoutes.QouteController.BulkFile (MiniPricingApp) in 18.3003ms
2025-11-17 01:24:55.974 +07:00 [INF] Executed endpoint 'MiniPricingApp.Modules.qoutes.QouteController.BulkFile (MiniPricingApp)'
2025-11-17 01:24:55.975 +07:00 [INF] Request finished HTTP/1.1 POST http://localhost/qoutes/bulk - 200 null application/json; charset=utf-8 24.6233ms
