2025-11-16 23:25:49.099 +07:00 [INF] Request starting HTTP/1.1 POST http://localhost/qoutes/price - application/json; charset=utf-8 31
2025-11-16 23:25:49.138 +07:00 [WRN] Failed to determine the https port for redirect.
2025-11-16 23:25:49.142 +07:00 [INF] Executing endpoint 'MiniPricingApp.Modules.qoutes.QouteController.CalculatePrice (MiniPricingApp)'
2025-11-16 23:25:49.155 +07:00 [INF] Route matched with {action = "CalculatePrice", controller = "Qoute"}. Executing controller action with signature Microsoft.AspNetCore.Mvc.IActionResult CalculatePrice(MiniPricingApp.Modules.Qoutes.Application.Dtos.PricingCalculationRequestDto) on controller MiniPricingApp.Modules.qoutes.QouteController (MiniPricingApp).
2025-11-16 23:25:49.174 +07:00 [INF] RECIEVE CALCULATE PRICE REQUEST ==> MiniPricingApp.Modules.Qoutes.Application.Dtos.PricingCalculationRequestDto
2025-11-16 23:25:49.186 +07:00 [INF] Executing OkObjectResult, writing value of type 'MiniPricingApp.Shares.Common.BaseResponse`1[[MiniPricingApp.Modules.Qoutes.Application.Dtos.PricingCalculationResponseDto, MiniPricingApp, Version=1.0.0.0, Culture=neutral, PublicKeyToken=null]]'.
2025-11-16 23:25:49.193 +07:00 [INF] Executed action MiniPricingApp.Modules.qoutes.QouteController.CalculatePrice (MiniPricingApp) in 35.8078ms
2025-11-16 23:25:49.195 +07:00 [INF] Executed endpoint 'MiniPricingApp.Modules.qoutes.QouteController.CalculatePrice (MiniPricingApp)'
2025-11-16 23:25:49.197 +07:00 [INF] Request finished HTTP/1.1 POST http://localhost/qoutes/price - 200 null application/json; charset=utf-8 100.0438ms
2025-11-16 23:28:44.332 +07:00 [INF] Request starting HTTP/1.1 POST http://localhost/qoutes/price - application/json; charset=utf-8 31
2025-11-16 23:28:44.332 +07:00 [INF] Request starting HTTP/1.1 POST http://localhost/qoutes/bulk - multipart/form-data; boundary="71be60c9-bfb5-4871-a7f0-7ec6cef9a42e" 198
2025-11-16 23:28:44.374 +07:00 [WRN] Failed to determine the https port for redirect.
2025-11-16 23:28:44.374 +07:00 [WRN] Failed to determine the https port for redirect.
2025-11-16 23:28:44.377 +07:00 [INF] Executing endpoint 'MiniPricingApp.Modules.qoutes.QouteController.CalculatePrice (MiniPricingApp)'
2025-11-16 23:28:44.377 +07:00 [INF] Executing endpoint 'MiniPricingApp.Modules.qoutes.QouteController.BulkFile (MiniPricingApp)'
2025-11-16 23:28:44.389 +07:00 [INF] Route matched with {action = "CalculatePrice", controller = "Qoute"}. Executing controller action with signature Microsoft.AspNetCore.Mvc.IActionResult CalculatePrice(MiniPricingApp.Modules.Qoutes.Application.Dtos.PricingCalculationRequestDto) on controller MiniPricingApp.Modules.qoutes.QouteController (MiniPricingApp).
2025-11-16 23:28:44.389 +07:00 [INF] Route matched with {action = "BulkFile", controller = "Qoute"}. Executing controller action with signature System.Threading.Tasks.Task`1[Microsoft.AspNetCore.Mvc.IActionResult] BulkFile(MiniPricingApp.Modules.Qoutes.Application.Dtos.UploadCsvFileRequestDto) on controller MiniPricingApp.Modules.qoutes.QouteController (MiniPricingApp).
2025-11-16 23:28:44.404 +07:00 [INF] RECIEVE CALCULATE PRICE REQUEST ==> MiniPricingApp.Modules.Qoutes.Application.Dtos.PricingCalculationRequestDto
2025-11-16 23:28:44.404 +07:00 [INF] RECIEVE BULK REQUEST ==> Microsoft.AspNetCore.Http.FormFile
2025-11-16 23:28:44.418 +07:00 [INF] Executing OkObjectResult, writing value of type 'MiniPricingApp.Shares.Common.BaseResponse`1[[MiniPricingApp.Modules.Qoutes.Application.Dtos.PricingCalculationResponseDto, MiniPricingApp, Version=1.0.0.0, Culture=neutral, PublicKeyToken=null]]'.
2025-11-16 23:28:44.423 +07:00 [INF] Executed action MiniPricingApp.Modules.qoutes.QouteController.CalculatePrice (MiniPricingApp) in 32.87ms
2025-11-16 23:28:44.425 +07:00 [INF] Executed endpoint 'MiniPricingApp.Modules.qoutes.QouteController.CalculatePrice (MiniPricingApp)'
2025-11-16 23:28:44.426 +07:00 [INF] Request finished HTTP/1.1 POST http://localhost/qoutes/price - 200 null application/json; charset=utf-8 97.7138ms
2025-11-16 23:28:44.426 +07:00 [INF] Executing OkObjectResult, writing value of type 'MiniPricingApp.Shares.Common.BaseResponse`1[[MiniPricingApp.Shares.Common.CreateAndUpdateResponse, MiniPricingApp, Version=1.0.0.0, Culture=neutral, PublicKeyToken=null]]'.
2025-11-16 23:28:44.428 +07:00 [INF] Executed action MiniPricingApp.Modules.qoutes.QouteController.BulkFile (MiniPricingApp) in 39.3066ms
2025-11-16 23:28:44.429 +07:00 [INF] Executed endpoint 'MiniPricingApp.Modules.qoutes.QouteController.BulkFile (MiniPricingApp)'
2025-11-16 23:28:44.430 +07:00 [INF] Request finished HTTP/1.1 POST http://localhost/qoutes/bulk - 200 null application/json; charset=utf-8 101.0407ms
2025-11-16 23:29:49.686 +07:00 [ERR] START WORKING WITH JOB ==> 52b3af7e-73fb-4695-b4e4-2fd299406309
2025-11-16 23:29:49.686 +07:00 [ERR] START WORKING WITH JOB ==> 52b3af7e-73fb-4695-b4e4-2fd299406309
2025-11-16 23:29:49.710 +07:00 [ERR] Bulk Backgroud Error The process cannot access the file 'C:\Users\ACER\source\repos\MiniPricingApp\MiniPricingApp\Modules\Qoutes\Infrastructure\job_track_data.json' because it is being used by another process.
2025-11-16 23:29:49.746 +07:00 [ERR] COMPLETE WORKING WITH JOB ==> 52b3af7e-73fb-4695-b4e4-2fd299406309
2025-11-16 23:29:49.753 +07:00 [INF] Request starting HTTP/1.1 POST http://localhost/qoutes/price - application/json; charset=utf-8 31
2025-11-16 23:29:49.774 +07:00 [WRN] Failed to determine the https port for redirect.
2025-11-16 23:29:49.777 +07:00 [INF] Executing endpoint 'MiniPricingApp.Modules.qoutes.QouteController.CalculatePrice (MiniPricingApp)'
2025-11-16 23:29:49.783 +07:00 [INF] Request starting HTTP/1.1 POST http://localhost/qoutes/bulk - multipart/form-data; boundary="02db6359-8a1e-4cea-947d-d538dfde7255" 197
2025-11-16 23:29:49.785 +07:00 [INF] Route matched with {action = "CalculatePrice", controller = "Qoute"}. Executing controller action with signature Microsoft.AspNetCore.Mvc.IActionResult CalculatePrice(MiniPricingApp.Modules.Qoutes.Application.Dtos.PricingCalculationRequestDto) on controller MiniPricingApp.Modules.qoutes.QouteController (MiniPricingApp).
2025-11-16 23:29:49.785 +07:00 [WRN] Failed to determine the https port for redirect.
2025-11-16 23:29:49.786 +07:00 [INF] Executing endpoint 'MiniPricingApp.Modules.qoutes.QouteController.BulkFile (MiniPricingApp)'
2025-11-16 23:29:49.789 +07:00 [INF] Route matched with {action = "BulkFile", controller = "Qoute"}. Executing controller action with signature System.Threading.Tasks.Task`1[Microsoft.AspNetCore.Mvc.IActionResult] BulkFile(MiniPricingApp.Modules.Qoutes.Application.Dtos.UploadCsvFileRequestDto) on controller MiniPricingApp.Modules.qoutes.QouteController (MiniPricingApp).
2025-11-16 23:29:49.795 +07:00 [INF] RECIEVE CALCULATE PRICE REQUEST ==> MiniPricingApp.Modules.Qoutes.Application.Dtos.PricingCalculationRequestDto
2025-11-16 23:29:49.797 +07:00 [INF] RECIEVE BULK REQUEST ==> Microsoft.AspNetCore.Http.FormFile
2025-11-16 23:29:49.805 +07:00 [INF] Executing OkObjectResult, writing value of type 'MiniPricingApp.Shares.Common.BaseResponse`1[[MiniPricingApp.Modules.Qoutes.Application.Dtos.PricingCalculationResponseDto, MiniPricingApp, Version=1.0.0.0, Culture=neutral, PublicKeyToken=null]]'.
2025-11-16 23:29:49.807 +07:00 [INF] Executing OkObjectResult, writing value of type 'MiniPricingApp.Shares.Common.BaseResponse`1[[MiniPricingApp.Shares.Common.CreateAndUpdateResponse, MiniPricingApp, Version=1.0.0.0, Culture=neutral, PublicKeyToken=null]]'.
2025-11-16 23:29:49.812 +07:00 [INF] Executed action MiniPricingApp.Modules.qoutes.QouteController.CalculatePrice (MiniPricingApp) in 24.7002ms
2025-11-16 23:29:49.812 +07:00 [INF] Executed action MiniPricingApp.Modules.qoutes.QouteController.BulkFile (MiniPricingApp) in 20.9044ms
2025-11-16 23:29:49.813 +07:00 [INF] Executed endpoint 'MiniPricingApp.Modules.qoutes.QouteController.CalculatePrice (MiniPricingApp)'
2025-11-16 23:29:49.813 +07:00 [INF] Executed endpoint 'MiniPricingApp.Modules.qoutes.QouteController.BulkFile (MiniPricingApp)'
2025-11-16 23:29:49.815 +07:00 [INF] Request finished HTTP/1.1 POST http://localhost/qoutes/price - 200 null application/json; charset=utf-8 64.1167ms
2025-11-16 23:29:49.815 +07:00 [INF] Request finished HTTP/1.1 POST http://localhost/qoutes/bulk - 200 null application/json; charset=utf-8 31.3136ms
2025-11-16 23:30:08.823 +07:00 [ERR] START WORKING WITH JOB ==> 5144dae6-6d44-4993-8999-d817f9c4a6ba
2025-11-16 23:30:08.823 +07:00 [ERR] START WORKING WITH JOB ==> 5144dae6-6d44-4993-8999-d817f9c4a6ba
2025-11-16 23:30:08.846 +07:00 [ERR] Bulk Backgroud Error The process cannot access the file 'C:\Users\ACER\source\repos\MiniPricingApp\MiniPricingApp\Modules\Qoutes\Infrastructure\job_track_data.json' because it is being used by another process.
2025-11-16 23:30:08.847 +07:00 [ERR] Bulk Backgroud Error Value cannot be null. (Parameter 'path')
2025-11-16 23:30:08.888 +07:00 [INF] Request starting HTTP/1.1 POST http://localhost/qoutes/price - application/json; charset=utf-8 31
2025-11-16 23:30:08.888 +07:00 [INF] Request starting HTTP/1.1 POST http://localhost/qoutes/bulk - multipart/form-data; boundary="c631c03a-73a6-4478-8b9f-1220987c8c55" 197
2025-11-16 23:30:08.908 +07:00 [WRN] Failed to determine the https port for redirect.
2025-11-16 23:30:08.908 +07:00 [WRN] Failed to determine the https port for redirect.
2025-11-16 23:30:08.911 +07:00 [INF] Executing endpoint 'MiniPricingApp.Modules.qoutes.QouteController.BulkFile (MiniPricingApp)'
2025-11-16 23:30:08.911 +07:00 [INF] Executing endpoint 'MiniPricingApp.Modules.qoutes.QouteController.CalculatePrice (MiniPricingApp)'
2025-11-16 23:30:08.920 +07:00 [INF] Route matched with {action = "BulkFile", controller = "Qoute"}. Executing controller action with signature System.Threading.Tasks.Task`1[Microsoft.AspNetCore.Mvc.IActionResult] BulkFile(MiniPricingApp.Modules.Qoutes.Application.Dtos.UploadCsvFileRequestDto) on controller MiniPricingApp.Modules.qoutes.QouteController (MiniPricingApp).
2025-11-16 23:30:08.920 +07:00 [INF] Route matched with {action = "CalculatePrice", controller = "Qoute"}. Executing controller action with signature Microsoft.AspNetCore.Mvc.IActionResult CalculatePrice(MiniPricingApp.Modules.Qoutes.Application.Dtos.PricingCalculationRequestDto) on controller MiniPricingApp.Modules.qoutes.QouteController (MiniPricingApp).
2025-11-16 23:30:08.931 +07:00 [INF] RECIEVE CALCULATE PRICE REQUEST ==> MiniPricingApp.Modules.Qoutes.Application.Dtos.PricingCalculationRequestDto
2025-11-16 23:30:08.932 +07:00 [INF] RECIEVE BULK REQUEST ==> Microsoft.AspNetCore.Http.FormFile
2025-11-16 23:30:08.944 +07:00 [INF] Executing OkObjectResult, writing value of type 'MiniPricingApp.Shares.Common.BaseResponse`1[[MiniPricingApp.Modules.Qoutes.Application.Dtos.PricingCalculationResponseDto, MiniPricingApp, Version=1.0.0.0, Culture=neutral, PublicKeyToken=null]]'.
2025-11-16 23:30:08.949 +07:00 [INF] Executing OkObjectResult, writing value of type 'MiniPricingApp.Shares.Common.BaseResponse`1[[MiniPricingApp.Shares.Common.CreateAndUpdateResponse, MiniPricingApp, Version=1.0.0.0, Culture=neutral, PublicKeyToken=null]]'.
2025-11-16 23:30:08.951 +07:00 [INF] Executed action MiniPricingApp.Modules.qoutes.QouteController.BulkFile (MiniPricingApp) in 30.3532ms
2025-11-16 23:30:08.950 +07:00 [INF] Executed action MiniPricingApp.Modules.qoutes.QouteController.CalculatePrice (MiniPricingApp) in 27.6871ms
2025-11-16 23:30:08.952 +07:00 [INF] Executed endpoint 'MiniPricingApp.Modules.qoutes.QouteController.CalculatePrice (MiniPricingApp)'
2025-11-16 23:30:08.952 +07:00 [INF] Executed endpoint 'MiniPricingApp.Modules.qoutes.QouteController.BulkFile (MiniPricingApp)'
2025-11-16 23:30:08.953 +07:00 [INF] Request finished HTTP/1.1 POST http://localhost/qoutes/bulk - 200 null application/json; charset=utf-8 68.3334ms
2025-11-16 23:30:08.953 +07:00 [INF] Request finished HTTP/1.1 POST http://localhost/qoutes/price - 200 null application/json; charset=utf-8 68.3587ms
2025-11-16 23:34:19.487 +07:00 [ERR] START WORKING WITH JOB ==> 5698b487-ef74-46d6-ae40-b0b30dd163d3
2025-11-16 23:34:19.487 +07:00 [ERR] START WORKING WITH JOB ==> 5698b487-ef74-46d6-ae40-b0b30dd163d3
2025-11-16 23:34:19.510 +07:00 [ERR] Bulk Backgroud Error The process cannot access the file 'C:\Users\ACER\source\repos\MiniPricingApp\MiniPricingApp\Modules\Qoutes\Infrastructure\job_track_data.json' because it is being used by another process.
2025-11-16 23:34:19.512 +07:00 [ERR] Bulk Backgroud Error Value cannot be null. (Parameter 'path')
2025-11-16 23:34:19.553 +07:00 [INF] Request starting HTTP/1.1 POST http://localhost/qoutes/price - application/json; charset=utf-8 31
2025-11-16 23:34:19.553 +07:00 [INF] Request starting HTTP/1.1 POST http://localhost/qoutes/bulk - multipart/form-data; boundary="2263e550-cdf3-46c4-93a5-fd286e781886" 197
2025-11-16 23:34:19.574 +07:00 [WRN] Failed to determine the https port for redirect.
2025-11-16 23:34:19.574 +07:00 [WRN] Failed to determine the https port for redirect.
2025-11-16 23:34:19.577 +07:00 [INF] Executing endpoint 'MiniPricingApp.Modules.qoutes.QouteController.CalculatePrice (MiniPricingApp)'
2025-11-16 23:34:19.577 +07:00 [INF] Executing endpoint 'MiniPricingApp.Modules.qoutes.QouteController.BulkFile (MiniPricingApp)'
2025-11-16 23:34:19.587 +07:00 [INF] Route matched with {action = "BulkFile", controller = "Qoute"}. Executing controller action with signature System.Threading.Tasks.Task`1[Microsoft.AspNetCore.Mvc.IActionResult] BulkFile(MiniPricingApp.Modules.Qoutes.Application.Dtos.UploadCsvFileRequestDto) on controller MiniPricingApp.Modules.qoutes.QouteController (MiniPricingApp).
2025-11-16 23:34:19.587 +07:00 [INF] Route matched with {action = "CalculatePrice", controller = "Qoute"}. Executing controller action with signature Microsoft.AspNetCore.Mvc.IActionResult CalculatePrice(MiniPricingApp.Modules.Qoutes.Application.Dtos.PricingCalculationRequestDto) on controller MiniPricingApp.Modules.qoutes.QouteController (MiniPricingApp).
2025-11-16 23:34:19.598 +07:00 [INF] RECIEVE CALCULATE PRICE REQUEST ==> MiniPricingApp.Modules.Qoutes.Application.Dtos.PricingCalculationRequestDto
2025-11-16 23:34:19.598 +07:00 [INF] RECIEVE BULK REQUEST ==> Microsoft.AspNetCore.Http.FormFile
2025-11-16 23:34:19.610 +07:00 [INF] Executing OkObjectResult, writing value of type 'MiniPricingApp.Shares.Common.BaseResponse`1[[MiniPricingApp.Modules.Qoutes.Application.Dtos.PricingCalculationResponseDto, MiniPricingApp, Version=1.0.0.0, Culture=neutral, PublicKeyToken=null]]'.
2025-11-16 23:34:19.615 +07:00 [INF] Executing OkObjectResult, writing value of type 'MiniPricingApp.Shares.Common.BaseResponse`1[[MiniPricingApp.Shares.Common.CreateAndUpdateResponse, MiniPricingApp, Version=1.0.0.0, Culture=neutral, PublicKeyToken=null]]'.
2025-11-16 23:34:19.617 +07:00 [INF] Executed action MiniPricingApp.Modules.qoutes.QouteController.BulkFile (MiniPricingApp) in 29.7979ms
2025-11-16 23:34:19.616 +07:00 [INF] Executed action MiniPricingApp.Modules.qoutes.QouteController.CalculatePrice (MiniPricingApp) in 27.8604ms
2025-11-16 23:34:19.618 +07:00 [INF] Executed endpoint 'MiniPricingApp.Modules.qoutes.QouteController.CalculatePrice (MiniPricingApp)'
2025-11-16 23:34:19.618 +07:00 [INF] Executed endpoint 'MiniPricingApp.Modules.qoutes.QouteController.BulkFile (MiniPricingApp)'
2025-11-16 23:34:19.620 +07:00 [INF] Request finished HTTP/1.1 POST http://localhost/qoutes/price - 200 null application/json; charset=utf-8 68.7803ms
2025-11-16 23:34:19.620 +07:00 [INF] Request finished HTTP/1.1 POST http://localhost/qoutes/bulk - 200 null application/json; charset=utf-8 68.7804ms
2025-11-16 23:35:36.142 +07:00 [ERR] START WORKING WITH JOB ==> 782c3227-f6e6-44fe-9776-49d7e43c3bcf
2025-11-16 23:35:36.142 +07:00 [ERR] START WORKING WITH JOB ==> 782c3227-f6e6-44fe-9776-49d7e43c3bcf
2025-11-16 23:35:36.205 +07:00 [ERR] Bulk Backgroud Error The process cannot access the file 'C:\Users\ACER\source\repos\MiniPricingApp\MiniPricingApp\Modules\Qoutes\Infrastructure\job_track_data.json' because it is being used by another process.
2025-11-16 23:35:36.220 +07:00 [ERR] Bulk Backgroud Error Value cannot be null. (Parameter 'path')
2025-11-16 23:35:36.323 +07:00 [INF] Request starting HTTP/1.1 POST http://localhost/qoutes/price - application/json; charset=utf-8 31
2025-11-16 23:35:36.323 +07:00 [INF] Request starting HTTP/1.1 POST http://localhost/qoutes/bulk - multipart/form-data; boundary="6f7e6bba-686c-4c04-92cd-56f36e41a597" 197
2025-11-16 23:35:36.348 +07:00 [WRN] Failed to determine the https port for redirect.
2025-11-16 23:35:36.348 +07:00 [WRN] Failed to determine the https port for redirect.
2025-11-16 23:35:36.352 +07:00 [INF] Executing endpoint 'MiniPricingApp.Modules.qoutes.QouteController.CalculatePrice (MiniPricingApp)'
2025-11-16 23:35:36.352 +07:00 [INF] Executing endpoint 'MiniPricingApp.Modules.qoutes.QouteController.BulkFile (MiniPricingApp)'
2025-11-16 23:35:36.363 +07:00 [INF] Route matched with {action = "CalculatePrice", controller = "Qoute"}. Executing controller action with signature Microsoft.AspNetCore.Mvc.IActionResult CalculatePrice(MiniPricingApp.Modules.Qoutes.Application.Dtos.PricingCalculationRequestDto) on controller MiniPricingApp.Modules.qoutes.QouteController (MiniPricingApp).
2025-11-16 23:35:36.363 +07:00 [INF] Route matched with {action = "BulkFile", controller = "Qoute"}. Executing controller action with signature System.Threading.Tasks.Task`1[Microsoft.AspNetCore.Mvc.IActionResult] BulkFile(MiniPricingApp.Modules.Qoutes.Application.Dtos.UploadCsvFileRequestDto) on controller MiniPricingApp.Modules.qoutes.QouteController (MiniPricingApp).
2025-11-16 23:35:36.381 +07:00 [INF] RECIEVE CALCULATE PRICE REQUEST ==> MiniPricingApp.Modules.Qoutes.Application.Dtos.PricingCalculationRequestDto
2025-11-16 23:35:36.382 +07:00 [INF] RECIEVE BULK REQUEST ==> Microsoft.AspNetCore.Http.FormFile
2025-11-16 23:35:47.875 +07:00 [ERR] START WORKING WITH JOB ==> db887dd3-43c0-4d99-bd35-adf7df105709
2025-11-16 23:35:47.876 +07:00 [ERR] START WORKING WITH JOB ==> db887dd3-43c0-4d99-bd35-adf7df105709
2025-11-16 23:35:51.932 +07:00 [ERR] Bulk Backgroud Error Value cannot be null. (Parameter 'path')
2025-11-16 23:35:51.966 +07:00 [ERR] Bulk Backgroud Error The process cannot access the file 'C:\Users\ACER\source\repos\MiniPricingApp\MiniPricingApp\Modules\Qoutes\Infrastructure\job_track_data.json' because it is being used by another process.
2025-11-16 23:35:59.808 +07:00 [INF] Executing OkObjectResult, writing value of type 'MiniPricingApp.Shares.Common.BaseResponse`1[[MiniPricingApp.Modules.Qoutes.Application.Dtos.PricingCalculationResponseDto, MiniPricingApp, Version=1.0.0.0, Culture=neutral, PublicKeyToken=null]]'.
2025-11-16 23:36:05.314 +07:00 [ERR] START WORKING WITH JOB ==> e9dda99d-1a56-4acb-872d-d9d1d3341c32
2025-11-16 23:36:05.314 +07:00 [ERR] START WORKING WITH JOB ==> e9dda99d-1a56-4acb-872d-d9d1d3341c32
2025-11-16 23:36:05.368 +07:00 [ERR] Bulk Backgroud Error Value cannot be null. (Parameter 'path')
2025-11-16 23:36:05.379 +07:00 [ERR] Bulk Backgroud Error The process cannot access the file 'C:\Users\ACER\source\repos\MiniPricingApp\MiniPricingApp\Modules\Qoutes\Infrastructure\job_track_data.json' because it is being used by another process.
2025-11-16 23:36:15.553 +07:00 [ERR] START WORKING WITH JOB ==> f5bb06c0-ea53-4044-a8c9-a678b1fb2419
2025-11-16 23:36:15.553 +07:00 [ERR] START WORKING WITH JOB ==> f5bb06c0-ea53-4044-a8c9-a678b1fb2419
2025-11-16 23:36:18.294 +07:00 [ERR] Bulk Backgroud Error The process cannot access the file 'C:\Users\ACER\source\repos\MiniPricingApp\MiniPricingApp\Modules\Qoutes\Infrastructure\job_track_data.json' because it is being used by another process.
2025-11-16 23:36:18.294 +07:00 [ERR] Bulk Backgroud Error Value cannot be null. (Parameter 'path')
2025-11-16 23:36:18.294 +07:00 [INF] Executed action MiniPricingApp.Modules.qoutes.QouteController.CalculatePrice (MiniPricingApp) in 39190.0859ms
2025-11-16 23:36:18.345 +07:00 [INF] Executed endpoint 'MiniPricingApp.Modules.qoutes.QouteController.CalculatePrice (MiniPricingApp)'
2025-11-16 23:36:22.332 +07:00 [INF] Request finished HTTP/1.1 POST http://localhost/qoutes/price - 200 null application/json; charset=utf-8 46012.6684ms
2025-11-16 23:36:25.476 +07:00 [INF] Executing OkObjectResult, writing value of type 'MiniPricingApp.Shares.Common.BaseResponse`1[[MiniPricingApp.Shares.Common.CreateAndUpdateResponse, MiniPricingApp, Version=1.0.0.0, Culture=neutral, PublicKeyToken=null]]'.
2025-11-16 23:36:25.486 +07:00 [INF] Executed action MiniPricingApp.Modules.qoutes.QouteController.BulkFile (MiniPricingApp) in 49123.3704ms
2025-11-16 23:36:25.487 +07:00 [INF] Executed endpoint 'MiniPricingApp.Modules.qoutes.QouteController.BulkFile (MiniPricingApp)'
2025-11-16 23:36:25.488 +07:00 [INF] Request finished HTTP/1.1 POST http://localhost/qoutes/bulk - 200 null application/json; charset=utf-8 49170.3398ms
2025-11-16 23:37:17.279 +07:00 [ERR] START WORKING WITH JOB ==> acc6c7cd-6741-48c8-8e57-81ea452b0a31
2025-11-16 23:37:17.279 +07:00 [ERR] START WORKING WITH JOB ==> acc6c7cd-6741-48c8-8e57-81ea452b0a31
2025-11-16 23:37:17.300 +07:00 [ERR] Bulk Backgroud Error The process cannot access the file 'C:\Users\ACER\source\repos\MiniPricingApp\MiniPricingApp\Modules\Qoutes\Infrastructure\job_track_data.json' because it is being used by another process.
2025-11-16 23:37:17.302 +07:00 [ERR] Bulk Backgroud Error Value cannot be null. (Parameter 'path')
2025-11-16 23:37:17.342 +07:00 [INF] Request starting HTTP/1.1 POST http://localhost/qoutes/bulk - multipart/form-data; boundary="b1435c3f-14ee-45f1-8321-6b7d5f5ccf1a" 197
2025-11-16 23:37:17.342 +07:00 [INF] Request starting HTTP/1.1 POST http://localhost/qoutes/price - application/json; charset=utf-8 31
2025-11-16 23:37:17.363 +07:00 [WRN] Failed to determine the https port for redirect.
2025-11-16 23:37:17.363 +07:00 [WRN] Failed to determine the https port for redirect.
2025-11-16 23:37:17.367 +07:00 [INF] Executing endpoint 'MiniPricingApp.Modules.qoutes.QouteController.BulkFile (MiniPricingApp)'
2025-11-16 23:37:17.367 +07:00 [INF] Executing endpoint 'MiniPricingApp.Modules.qoutes.QouteController.CalculatePrice (MiniPricingApp)'
2025-11-16 23:37:17.376 +07:00 [INF] Route matched with {action = "BulkFile", controller = "Qoute"}. Executing controller action with signature System.Threading.Tasks.Task`1[Microsoft.AspNetCore.Mvc.IActionResult] BulkFile(MiniPricingApp.Modules.Qoutes.Application.Dtos.UploadCsvFileRequestDto) on controller MiniPricingApp.Modules.qoutes.QouteController (MiniPricingApp).
2025-11-16 23:37:17.376 +07:00 [INF] Route matched with {action = "CalculatePrice", controller = "Qoute"}. Executing controller action with signature Microsoft.AspNetCore.Mvc.IActionResult CalculatePrice(MiniPricingApp.Modules.Qoutes.Application.Dtos.PricingCalculationRequestDto) on controller MiniPricingApp.Modules.qoutes.QouteController (MiniPricingApp).
2025-11-16 23:37:17.386 +07:00 [INF] RECIEVE CALCULATE PRICE REQUEST ==> MiniPricingApp.Modules.Qoutes.Application.Dtos.PricingCalculationRequestDto
2025-11-16 23:37:17.386 +07:00 [INF] RECIEVE BULK REQUEST ==> Microsoft.AspNetCore.Http.FormFile
2025-11-16 23:37:17.397 +07:00 [INF] Executing OkObjectResult, writing value of type 'MiniPricingApp.Shares.Common.BaseResponse`1[[MiniPricingApp.Modules.Qoutes.Application.Dtos.PricingCalculationResponseDto, MiniPricingApp, Version=1.0.0.0, Culture=neutral, PublicKeyToken=null]]'.
2025-11-16 23:37:17.403 +07:00 [INF] Executing OkObjectResult, writing value of type 'MiniPricingApp.Shares.Common.BaseResponse`1[[MiniPricingApp.Shares.Common.CreateAndUpdateResponse, MiniPricingApp, Version=1.0.0.0, Culture=neutral, PublicKeyToken=null]]'.
2025-11-16 23:37:17.404 +07:00 [INF] Executed action MiniPricingApp.Modules.qoutes.QouteController.CalculatePrice (MiniPricingApp) in 27.0258ms
2025-11-16 23:37:17.405 +07:00 [INF] Executed action MiniPricingApp.Modules.qoutes.QouteController.BulkFile (MiniPricingApp) in 29.1246ms
2025-11-16 23:37:17.406 +07:00 [INF] Executed endpoint 'MiniPricingApp.Modules.qoutes.QouteController.CalculatePrice (MiniPricingApp)'
2025-11-16 23:37:17.406 +07:00 [INF] Executed endpoint 'MiniPricingApp.Modules.qoutes.QouteController.BulkFile (MiniPricingApp)'
2025-11-16 23:37:17.407 +07:00 [INF] Request finished HTTP/1.1 POST http://localhost/qoutes/price - 200 null application/json; charset=utf-8 67.1937ms
2025-11-16 23:37:17.407 +07:00 [INF] Request finished HTTP/1.1 POST http://localhost/qoutes/bulk - 200 null application/json; charset=utf-8 67.3631ms
